<?xml version="1.0" encoding="UTF-8"?>
<!-- Generated by org.testng.reporters.JUnitXMLReporter -->
<testsuite hostname="DESKTOP-VPL3NGN" ignored="0" name="All Deal Page Tests" tests="6" failures="0" timestamp="04 Feb 2018 07:16:45 GMT" time="15.163" errors="0">
  <testcase name="selectByCategoryComputer_Test02" time="4.797" classname="Woot_Tests.AllDealPageTest"/>
  <testcase name="selectByCategoryElectronics_Test03" time="1.578" classname="Woot_Tests.AllDealPageTest"/>
  <testcase name="selectByCategoryGourmet_Test06" time="1.338" classname="Woot_Tests.AllDealPageTest"/>
  <testcase name="selectByCategoryHome_Test01" time="1.632" classname="Woot_Tests.AllDealPageTest"/>
  <testcase name="selectByCategorySports_Test05" time="1.517" classname="Woot_Tests.AllDealPageTest"/>
  <testcase name="selectByCategoryTools_Test04" time="1.474" classname="Woot_Tests.AllDealPageTest"/>
</testsuite> <!-- All Deal Page Tests -->
